19:47:03.595 [main] INFO  c.m.CoinPusher - [logStarting,55] - Starting CoinPusher using Java 1.8.0_352 on yangcaiwangdeMacBook-Pro.local with PID 6915 (/Users/yangcaiwang/IdeaProjects/coin-pusher/app/target/classes started by yangcaiwang in /Users/yangcaiwang/IdeaProjects/coin-pusher)
19:47:03.597 [main] INFO  c.m.CoinPusher - [logStartupProfileInfo,637] - No active profile set, falling back to default profiles: default
19:47:04.529 [main] WARN  o.m.s.m.ClassPathMapperScanner - [warn,44] - No MyBatis mapper was found in '[com.madnessgame]' package. Please check your configuration.
19:47:05.077 [main] INFO  o.a.c.h.Http11NioProtocol - [log,173] - Initializing ProtocolHandler ["http-nio-9001"]
19:47:05.078 [main] INFO  o.a.c.c.StandardService - [log,173] - Starting service [Tomcat]
19:47:05.078 [main] INFO  o.a.c.c.StandardEngine - [log,173] - Starting Servlet engine: [Apache Tomcat/9.0.56]
19:47:05.146 [main] INFO  o.a.c.c.C.[.[.[/] - [log,173] - Initializing Spring embedded WebApplicationContext
19:47:05.634 [main] WARN  c.b.d.d.DynamicRoutingDataSource - [afterPropertiesSet,230] - dynamic-datasource initial loaded [0] datasource,Please add your primary datasource or check your configuration
19:47:05.971 [main] INFO  o.a.c.h.Http11NioProtocol - [log,173] - Starting ProtocolHandler ["http-nio-9001"]
19:47:05.997 [main] INFO  c.m.CoinPusher - [logStarted,61] - Started CoinPusher in 2.93 seconds (JVM running for 3.677)
19:48:20.882 [SpringApplicationShutdownHook] INFO  c.b.d.d.DynamicRoutingDataSource - [destroy,205] - dynamic-datasource start closing ....
19:48:20.884 [SpringApplicationShutdownHook] INFO  c.b.d.d.DynamicRoutingDataSource - [destroy,209] - dynamic-datasource all closed success,bye
19:48:23.642 [main] INFO  c.m.CoinPusher - [logStarting,55] - Starting CoinPusher using Java 1.8.0_352 on yangcaiwangdeMacBook-Pro.local with PID 6924 (/Users/yangcaiwang/IdeaProjects/coin-pusher/app/target/classes started by yangcaiwang in /Users/yangcaiwang/IdeaProjects/coin-pusher)
19:48:23.644 [main] INFO  c.m.CoinPusher - [logStartupProfileInfo,637] - No active profile set, falling back to default profiles: default
19:48:24.514 [main] WARN  o.m.s.m.ClassPathMapperScanner - [warn,44] - No MyBatis mapper was found in '[com.madnessgame]' package. Please check your configuration.
19:48:25.060 [main] INFO  o.a.c.h.Http11NioProtocol - [log,173] - Initializing ProtocolHandler ["http-nio-9001"]
19:48:25.062 [main] INFO  o.a.c.c.StandardService - [log,173] - Starting service [Tomcat]
19:48:25.062 [main] INFO  o.a.c.c.StandardEngine - [log,173] - Starting Servlet engine: [Apache Tomcat/9.0.56]
19:48:25.130 [main] INFO  o.a.c.c.C.[.[.[/] - [log,173] - Initializing Spring embedded WebApplicationContext
19:48:25.604 [main] WARN  c.b.d.d.DynamicRoutingDataSource - [afterPropertiesSet,230] - dynamic-datasource initial loaded [0] datasource,Please add your primary datasource or check your configuration
19:48:25.921 [main] INFO  o.a.c.h.Http11NioProtocol - [log,173] - Starting ProtocolHandler ["http-nio-9001"]
19:48:25.950 [main] INFO  c.m.CoinPusher - [logStarted,61] - Started CoinPusher in 2.8 seconds (JVM running for 3.344)
19:48:59.165 [SpringApplicationShutdownHook] INFO  c.b.d.d.DynamicRoutingDataSource - [destroy,205] - dynamic-datasource start closing ....
19:48:59.168 [SpringApplicationShutdownHook] INFO  c.b.d.d.DynamicRoutingDataSource - [destroy,209] - dynamic-datasource all closed success,bye
