20:26:41.672 [main] INFO  c.m.CoinPusher - [logStarting,55] - Starting CoinPusher using Java 1.8.0_352 on 192.168.1.5 with PID 93824 (/Users/yangcaiwang/IdeaProjects/coin-pusher/app/target/classes started by yangcaiwang in /Users/yangcaiwang/IdeaProjects/coin-pusher)
20:26:41.676 [main] INFO  c.m.CoinPusher - [logStartupProfileInfo,637] - No active profile set, falling back to default profiles: default
20:26:43.481 [main] INFO  o.a.c.h.Http11NioProtocol - [log,173] - Initializing ProtocolHandler ["http-nio-9000"]
20:26:43.483 [main] INFO  o.a.c.c.StandardService - [log,173] - Starting service [Tomcat]
20:26:43.483 [main] INFO  o.a.c.c.StandardEngine - [log,173] - Starting Servlet engine: [Apache Tomcat/9.0.56]
20:26:43.558 [main] INFO  o.a.c.c.C.[.[.[/] - [log,173] - Initializing Spring embedded WebApplicationContext
20:26:44.760 [main] INFO  o.a.c.h.Http11NioProtocol - [log,173] - Starting ProtocolHandler ["http-nio-9000"]
20:26:44.815 [main] INFO  c.m.CoinPusher - [logStarted,61] - Started CoinPusher in 3.917 seconds (JVM running for 4.753)
20:26:44.826 [main] INFO  c.m.CoinPusher - [main,20] - coin-pusher 启动成功！
20:28:40.860 [http-nio-9000-exec-1] INFO  o.a.c.c.C.[.[.[/] - [log,173] - Initializing Spring DispatcherServlet 'dispatcherServlet'
20:29:15.197 [SpringApplicationShutdownHook] INFO  c.b.d.d.DynamicRoutingDataSource - [destroy,205] - dynamic-datasource start closing ....
20:29:15.199 [SpringApplicationShutdownHook] INFO  c.b.d.d.DynamicRoutingDataSource - [destroy,209] - dynamic-datasource all closed success,bye
20:29:22.273 [main] INFO  c.m.CoinPusher - [logStarting,55] - Starting CoinPusher using Java 1.8.0_352 on 192.168.1.5 with PID 93852 (/Users/yangcaiwang/IdeaProjects/coin-pusher/app/target/classes started by yangcaiwang in /Users/yangcaiwang/IdeaProjects/coin-pusher)
20:29:22.275 [main] INFO  c.m.CoinPusher - [logStartupProfileInfo,637] - No active profile set, falling back to default profiles: default
20:29:23.740 [main] INFO  o.a.c.h.Http11NioProtocol - [log,173] - Initializing ProtocolHandler ["http-nio-9000"]
20:29:23.742 [main] INFO  o.a.c.c.StandardService - [log,173] - Starting service [Tomcat]
20:29:23.742 [main] INFO  o.a.c.c.StandardEngine - [log,173] - Starting Servlet engine: [Apache Tomcat/9.0.56]
20:29:23.806 [main] INFO  o.a.c.c.C.[.[.[/] - [log,173] - Initializing Spring embedded WebApplicationContext
20:29:24.750 [main] INFO  o.a.c.h.Http11NioProtocol - [log,173] - Starting ProtocolHandler ["http-nio-9000"]
20:29:24.780 [main] INFO  c.m.CoinPusher - [logStarted,61] - Started CoinPusher in 3.012 seconds (JVM running for 3.593)
20:29:24.783 [main] INFO  c.m.CoinPusher - [main,20] - coin-pusher 启动成功！
20:37:35.635 [SpringApplicationShutdownHook] INFO  c.b.d.d.DynamicRoutingDataSource - [destroy,205] - dynamic-datasource start closing ....
20:37:35.637 [SpringApplicationShutdownHook] INFO  c.b.d.d.DynamicRoutingDataSource - [destroy,209] - dynamic-datasource all closed success,bye
20:37:38.630 [main] INFO  c.m.CoinPusher - [logStarting,55] - Starting CoinPusher using Java 1.8.0_352 on 192.168.1.5 with PID 93876 (/Users/yangcaiwang/IdeaProjects/coin-pusher/app/target/classes started by yangcaiwang in /Users/yangcaiwang/IdeaProjects/coin-pusher)
20:37:38.632 [main] INFO  c.m.CoinPusher - [logStartupProfileInfo,637] - No active profile set, falling back to default profiles: default
20:37:40.164 [main] INFO  o.a.c.h.Http11NioProtocol - [log,173] - Initializing ProtocolHandler ["http-nio-9000"]
20:37:40.165 [main] INFO  o.a.c.c.StandardService - [log,173] - Starting service [Tomcat]
20:37:40.166 [main] INFO  o.a.c.c.StandardEngine - [log,173] - Starting Servlet engine: [Apache Tomcat/9.0.56]
20:37:40.227 [main] INFO  o.a.c.c.C.[.[.[/] - [log,173] - Initializing Spring embedded WebApplicationContext
20:37:41.148 [main] INFO  o.a.c.h.Http11NioProtocol - [log,173] - Starting ProtocolHandler ["http-nio-9000"]
20:37:41.179 [main] INFO  c.m.CoinPusher - [logStarted,61] - Started CoinPusher in 3.062 seconds (JVM running for 3.647)
20:37:41.182 [main] INFO  c.m.CoinPusher - [main,20] - coin-pusher 启动成功！
20:37:48.472 [http-nio-9000-exec-1] INFO  o.a.c.c.C.[.[.[/] - [log,173] - Initializing Spring DispatcherServlet 'dispatcherServlet'
